<?xml version="1.0" encoding="UTF-8"?>
<testng-results skipped="0" failed="0" ignored="0" total="1" passed="1">
  <reporter-output>
  </reporter-output>
  <suite name="Default suite" duration-ms="23956" started-at="2018-08-07T14:40:13Z" finished-at="2018-08-07T14:40:37Z">
    <groups>
    </groups>
    <test name="Default test" duration-ms="23956" started-at="2018-08-07T14:40:13Z" finished-at="2018-08-07T14:40:37Z">
      <class name="com.Amazon.Testcases.SearchBookTest">
        <test-method status="PASS" signature="browsersetup()[pri:0, instance:com.Amazon.Testcases.SearchBookTest@2a70a3d8]" name="browsersetup" is-config="true" duration-ms="9216" started-at="2018-08-07T14:40:13Z" finished-at="2018-08-07T14:40:22Z">
          <reporter-output>
          </reporter-output>
        </test-method> <!-- browsersetup -->
        <test-method status="PASS" signature="searchgivenbookTest()[pri:0, instance:com.Amazon.Testcases.SearchBookTest@2a70a3d8]" name="searchgivenbookTest" duration-ms="14364" started-at="2018-08-07T14:40:22Z" finished-at="2018-08-07T14:40:37Z">
          <reporter-output>
          </reporter-output>
        </test-method> <!-- searchgivenbookTest -->
        <test-method status="PASS" signature="tearDown()[pri:0, instance:com.Amazon.Testcases.SearchBookTest@2a70a3d8]" name="tearDown" is-config="true" duration-ms="341" started-at="2018-08-07T14:40:37Z" finished-at="2018-08-07T14:40:37Z">
          <reporter-output>
          </reporter-output>
        </test-method> <!-- tearDown -->
      </class> <!-- com.Amazon.Testcases.SearchBookTest -->
    </test> <!-- Default test -->
  </suite> <!-- Default suite -->
</testng-results>
